#
# A fatal error has been detected by the Java Runtime Environment:
#
#  EXCEPTION_ACCESS_VIOLATION (0xc0000005) at pc=0x0000000010014ed4, pid=5152, tid=3564
#
# JRE version: Java(TM) SE Runtime Environment (9.0+11) (build 9.0.1+11)
# Java VM: Java HotSpot(TM) 64-Bit Server VM (9.0.1+11, mixed mode, tiered, compressed oops, g1 gc, windows-amd64)
# Problematic frame:
# C  [sigar-amd64-winnt.dll+0x14ed4]
#
# No core dump will be written. Minidumps are not enabled by default on client versions of Windows
#
# If you would like to submit a bug report, please visit:
#   http://bugreport.java.com/bugreport/crash.jsp
# The crash happened outside the Java Virtual Machine in native code.
# See problematic frame for where to report the bug.
#

---------------  S U M M A R Y ------------

Command Line: -Dfile.encoding=Cp1252 server.Server2048

Host: Intel(R) Core(TM) i7-4500U CPU @ 1.80GHz, 4 cores, 7G,  Windows 10 , 64 bit Build 16299 (10.0.16299.15)
Time: Sat Feb 17 12:06:35 2018 SE Asia Standard Time elapsed time: 2 seconds (0d 0h 0m 2s)

---------------  T H R E A D  ---------------

Current thread (0x000002a5f01f9000):  JavaThread "JavaFX Application Thread" [_thread_in_native, id=3564, stack(0x000000ae0d800000,0x000000ae0d900000)]

Stack: [0x000000ae0d800000,0x000000ae0d900000],  sp=0x000000ae0d8fbbb0,  free space=1006k
Native frames: (J=compiled Java code, j=interpreted, Vv=VM code, C=native code)
C  [sigar-amd64-winnt.dll+0x14ed4]
C  [sigar-amd64-winnt.dll+0x22718]
C  0x000002a5d892921c

Java frames: (J=compiled Java code, j=interpreted, Vv=VM code)
j  org.hyperic.sigar.Sigar.getCpuListNative()[Lorg/hyperic/sigar/Cpu;+0
j  org.hyperic.sigar.Sigar.getCpuList()[Lorg/hyperic/sigar/Cpu;+1
j  server.SigarThread.<init>(Lserver/ServerFXController;)V+37
j  server.ServerFXController.initialize()V+25
v  ~StubRoutines::call_stub
j  jdk.internal.reflect.NativeMethodAccessorImpl.invoke0(Ljava/lang/reflect/Method;Ljava/lang/Object;[Ljava/lang/Object;)Ljava/lang/Object;+0 java.base@9.0.1
j  jdk.internal.reflect.NativeMethodAccessorImpl.invoke(Ljava/lang/Object;[Ljava/lang/Object;)Ljava/lang/Object;+100 java.base@9.0.1
J 1182 c1 jdk.internal.reflect.DelegatingMethodAccessorImpl.invoke(Ljava/lang/Object;[Ljava/lang/Object;)Ljava/lang/Object; java.base@9.0.1 (10 bytes) @ 0x000002a5d90cf1bc [0x000002a5d90cf0c0+0x00000000000000fc]
J 1181 c1 java.lang.reflect.Method.invoke(Ljava/lang/Object;[Ljava/lang/Object;)Ljava/lang/Object; java.base@9.0.1 (65 bytes) @ 0x000002a5d90ce3a4 [0x000002a5d90cdf80+0x0000000000000424]
j  com.sun.javafx.reflect.Trampoline.invoke(Ljava/lang/reflect/Method;Ljava/lang/Object;[Ljava/lang/Object;)Ljava/lang/Object;+7
j  jdk.internal.reflect.GeneratedMethodAccessor2.invoke(Ljava/lang/Object;[Ljava/lang/Object;)Ljava/lang/Object;+40
J 1182 c1 jdk.internal.reflect.DelegatingMethodAccessorImpl.invoke(Ljava/lang/Object;[Ljava/lang/Object;)Ljava/lang/Object; java.base@9.0.1 (10 bytes) @ 0x000002a5d90cf1bc [0x000002a5d90cf0c0+0x00000000000000fc]
J 1181 c1 java.lang.reflect.Method.invoke(Ljava/lang/Object;[Ljava/lang/Object;)Ljava/lang/Object; java.base@9.0.1 (65 bytes) @ 0x000002a5d90ce3a4 [0x000002a5d90cdf80+0x0000000000000424]
j  com.sun.javafx.reflect.MethodUtil.invoke(Ljava/lang/reflect/Method;Ljava/lang/Object;[Ljava/lang/Object;)Ljava/lang/Object;+20 javafx.base@9.0.1
j  com.sun.javafx.fxml.MethodHelper.invoke(Ljava/lang/reflect/Method;Ljava/lang/Object;[Ljava/lang/Object;)Ljava/lang/Object;+142 javafx.fxml@9.0.1
j  javafx.fxml.FXMLLoader.loadImpl(Ljava/io/InputStream;Ljava/lang/Class;)Ljava/lang/Object;+346 javafx.fxml@9.0.1
j  javafx.fxml.FXMLLoader.loadImpl(Ljava/lang/Class;)Ljava/lang/Object;+30 javafx.fxml@9.0.1
j  javafx.fxml.FXMLLoader.load()Ljava/lang/Object;+17 javafx.fxml@9.0.1
j  server.Server2048.start(Ljavafx/stage/Stage;)V+26
j  com.sun.javafx.application.LauncherImpl.lambda$launchApplication1$9(Ljava/util/concurrent/atomic/AtomicBoolean;Ljavafx/application/Application;)V+20 javafx.graphics@9.0.1
j  com.sun.javafx.application.LauncherImpl$$Lambda$66.run()V+8 javafx.graphics@9.0.1
j  com.sun.javafx.application.PlatformImpl.lambda$runAndWait$11(Ljava/lang/Runnable;Ljava/util/concurrent/CountDownLatch;)V+1 javafx.graphics@9.0.1
j  com.sun.javafx.application.PlatformImpl$$Lambda$58.run()V+8 javafx.graphics@9.0.1
j  com.sun.javafx.application.PlatformImpl.lambda$runLater$9(Ljava/lang/Runnable;)Ljava/lang/Void;+1 javafx.graphics@9.0.1
j  com.sun.javafx.application.PlatformImpl$$Lambda$61.run()Ljava/lang/Object;+4 javafx.graphics@9.0.1
v  ~StubRoutines::call_stub
j  java.security.AccessController.doPrivileged(Ljava/security/PrivilegedAction;Ljava/security/AccessControlContext;)Ljava/lang/Object;+0 java.base@9.0.1
j  com.sun.javafx.application.PlatformImpl.lambda$runLater$10(Ljava/lang/Runnable;Ljava/security/AccessControlContext;)V+7 javafx.graphics@9.0.1
j  com.sun.javafx.application.PlatformImpl$$Lambda$59.run()V+8 javafx.graphics@9.0.1
j  com.sun.glass.ui.InvokeLaterDispatcher$Future.run()V+4 javafx.graphics@9.0.1
v  ~StubRoutines::call_stub
j  com.sun.glass.ui.win.WinApplication._runLoop(Ljava/lang/Runnable;)V+0 javafx.graphics@9.0.1
j  com.sun.glass.ui.win.WinApplication.lambda$runLoop$3(ILjava/lang/Runnable;)V+8 javafx.graphics@9.0.1
j  com.sun.glass.ui.win.WinApplication$$Lambda$49.run()V+12 javafx.graphics@9.0.1
j  java.lang.Thread.run()V+11 java.base@9.0.1
v  ~StubRoutines::call_stub

siginfo: EXCEPTION_ACCESS_VIOLATION (0xc0000005), reading address 0xfffffffffb460d68


Register to memory mapping:

RIP=0x0000000010014ed4 sigar-amd64-winnt.dll
RAX=0xfffffffffb460c30 is an unknown value
RBX={method} {0x000002a5f66e9e60} 'getCpuListNative' '()[Lorg/hyperic/sigar/Cpu;' in 'org/hyperic/sigar/Sigar'
RCX=0x000002a5f01f9218 is an unknown value
RDX=0x000000ae0d8fbd40 is pointing into the stack for thread: 0x000002a5f01f9000
RSP=0x000000ae0d8fbbb0 is pointing into the stack for thread: 0x000002a5f01f9000
RBP=0x000000ae0d8fbd20 is pointing into the stack for thread: 0x000002a5f01f9000
RSI=0x0000000040200021 is an unknown value
RDI=0x000002a5d891b603 is at code_begin+2307 in an Interpreter codelet
invoke return entry points  [0x000002a5d891ad00, 0x000002a5d891b6e0]  2528 bytes
R8 =0x0000000000000032 is an unknown value
R9 =
[error occurred during error reporting (printing register info), id 0xc0000005]

Registers:
RAX=0xfffffffffb460c30, RBX=0x000002a5f66e9e58, RCX=0x000002a5f01f9218, RDX=0x000000ae0d8fbd40
RSP=0x000000ae0d8fbbb0, RBP=0x000000ae0d8fbd20, RSI=0x0000000040200021, RDI=0x000002a5d891b603
R8 =0x0000000000000032, R9 =0x00000000903f1608, R10=0x0000000000000012, R11=0x000000006d361814
R12=0x0000000000000000, R13=0x000002a5f66e9e50, R14=0x000000ae0d8fbd40, R15=0x000002a5f01f9000
RIP=0x0000000010014ed4, EFLAGS=0x0000000000010286

Top of Stack: (sp=0x000000ae0d8fbbb0)
0x000000ae0d8fbbb0:   000002a5f01f9218 000000ae0d8fbd40
0x000000ae0d8fbbc0:   000002a5f01f9000 000002a5f66e9e50
0x000000ae0d8fbbd0:   fffffffffb460c30 000000ae0d8fbd40
0x000000ae0d8fbbe0:   000000ae0d8fbd20 0000000010022718
0x000000ae0d8fbbf0:   000002a5f01f9218 000000ae0d8fbd40
0x000000ae0d8fbc00:   0000000040200021 000002a5d891b603
0x000000ae0d8fbc10:   000002a5f01fcdc0 000002a5f66e9e58
0x000000ae0d8fbc20:   000002a5f01f9000 000002a5f01fcdc0
0x000000ae0d8fbc30:   000002a5efe5d358 000000006cd28bf0
0x000000ae0d8fbc40:   000000ae0d8fc138 000000ae0d8fbd40
0x000000ae0d8fbc50:   000002a5f66e9e58 000002a5f01f9000
0x000000ae0d8fbc60:   000002a5f66e9e58 000002a5f01f9000
0x000000ae0d8fbc70:   000002a5d891b603 000002a5d8929074
0x000000ae0d8fbc80:   000000ae0d8fc100 000002a5f01f9000
0x000000ae0d8fbc90:   000002a5f66e9e58 0000000040200021
0x000000ae0d8fbca0:   000002a5d891b603 000002a5d892921c 

Instructions: (pc=0x0000000010014ed4)
0x0000000010014eb4:   7c 24 20 00 75 15 48 8d 15 df 58 04 00 48 8b 4c
0x0000000010014ec4:   24 40 e8 45 00 00 00 33 c0 eb 32 48 8b 44 24 20
0x0000000010014ed4:   83 b8 38 01 00 00 00 74 1f 48 8b 44 24 20 44 8b
0x0000000010014ee4:   80 38 01 00 00 48 8b 54 24 20 48 8b 4c 24 40 e8 



---------------  P R O C E S S  ---------------

Java Threads: ( => current thread )
  0x000002a5f7cc1800 JavaThread "Prism Font Disposer" daemon [_thread_blocked, id=9724, stack(0x000000ae0e000000,0x000000ae0e100000)]
  0x000002a5f515d800 JavaThread "Java2D Disposer" daemon [_thread_blocked, id=8092, stack(0x000000ae0dd00000,0x000000ae0de00000)]
  0x000002a5f055b000 JavaThread "JavaFX-Launcher" [_thread_blocked, id=10620, stack(0x000000ae0dc00000,0x000000ae0dd00000)]
  0x000002a5f055a000 JavaThread "Thread-1" daemon [_thread_in_native, id=3384, stack(0x000000ae0db00000,0x000000ae0dc00000)]
=>0x000002a5f01f9000 JavaThread "JavaFX Application Thread" [_thread_in_native, id=3564, stack(0x000000ae0d800000,0x000000ae0d900000)]
  0x000002a5f0157000 JavaThread "InvokeLaterDispatcher" daemon [_thread_blocked, id=3544, stack(0x000000ae0d700000,0x000000ae0d800000)]
  0x000002a5f013f800 JavaThread "QuantumRenderer-0" daemon [_thread_blocked, id=11440, stack(0x000000ae0d200000,0x000000ae0d300000)]
  0x000002a5efb94800 JavaThread "Service Thread" daemon [_thread_blocked, id=9924, stack(0x000000ae0d000000,0x000000ae0d100000)]
  0x000002a5ef964800 JavaThread "Common-Cleaner" daemon [_thread_blocked, id=4780, stack(0x000000ae0cf00000,0x000000ae0d000000)]
  0x000002a5ef948000 JavaThread "Sweeper thread" daemon [_thread_blocked, id=11984, stack(0x000000ae0ce00000,0x000000ae0cf00000)]
  0x000002a5ef947000 JavaThread "C1 CompilerThread2" daemon [_thread_blocked, id=9040, stack(0x000000ae0cd00000,0x000000ae0ce00000)]
  0x000002a5ef943000 JavaThread "C2 CompilerThread1" daemon [_thread_in_native, id=11892, stack(0x000000ae0cc00000,0x000000ae0cd00000)]
  0x000002a5ef8de000 JavaThread "C2 CompilerThread0" daemon [_thread_blocked, id=11804, stack(0x000000ae0cb00000,0x000000ae0cc00000)]
  0x000002a5ef8da000 JavaThread "Attach Listener" daemon [_thread_blocked, id=9236, stack(0x000000ae0ca00000,0x000000ae0cb00000)]
  0x000002a5ef8d5800 JavaThread "Signal Dispatcher" daemon [_thread_blocked, id=1232, stack(0x000000ae0c900000,0x000000ae0ca00000)]
  0x000002a5ef888800 JavaThread "Finalizer" daemon [_thread_blocked, id=4388, stack(0x000000ae0c700000,0x000000ae0c800000)]
  0x000002a5ef876800 JavaThread "Reference Handler" daemon [_thread_blocked, id=10396, stack(0x000000ae0c600000,0x000000ae0c700000)]
  0x000002a5cca4d000 JavaThread "main" [_thread_blocked, id=2016, stack(0x000000ae0b900000,0x000000ae0ba00000)]

Other Threads:
  0x000002a5ef872800 VMThread "VM Thread" [stack: 0x000000ae0c500000,0x000000ae0c600000] [id=9452]
  0x000002a5efbd8800 WatcherThread [stack: 0x000000ae0d100000,0x000000ae0d200000] [id=7120]
  0x000002a5cca65000 GCTaskThread "GC Thread#0" [stack: 0x000000ae0ba00000,0x000000ae0bb00000] [id=3628]
  0x000002a5cca66800 GCTaskThread "GC Thread#1" [stack: 0x000000ae0bb00000,0x000000ae0bc00000] [id=6416]
  0x000002a5cca6d800 GCTaskThread "GC Thread#2" [stack: 0x000000ae0bc00000,0x000000ae0bd00000] [id=1204]
  0x000002a5cca6f000 GCTaskThread "GC Thread#3" [stack: 0x000000ae0bd00000,0x000000ae0be00000] [id=2124]
  0x000002a5ccae4000 ConcurrentGCThread "G1 Main Marker" [stack: 0x000000ae0c300000,0x000000ae0c400000] [id=9496]
  0x000002a5ccae5000 ConcurrentGCThread "G1 Marker#0" [stack: 0x000000ae0c400000,0x000000ae0c500000] [id=11044]
  0x000002a5cca81000 ConcurrentGCThread "G1 Refine#0" [stack: 0x000000ae0c100000,0x000000ae0c200000] [id=10124]
  0x000002a5cca7e000 ConcurrentGCThread "G1 Refine#1" [stack: 0x000000ae0c000000,0x000000ae0c100000] [id=4108]
  0x000002a5cca74800 ConcurrentGCThread "G1 Refine#2" [stack: 0x000000ae0bf00000,0x000000ae0c000000] [id=10304]
  0x000002a5cca71000 ConcurrentGCThread "G1 Refine#3" [stack: 0x000000ae0be00000,0x000000ae0bf00000] [id=4280]
  0x000002a5cca82000 ConcurrentGCThread "G1 Young RemSet Sampling" [stack: 0x000000ae0c200000,0x000000ae0c300000] [id=10876]

Threads with active compile tasks:
C2 CompilerThread11134   !   4       com.sun.javafx.css.ParsedValueImpl::readBinary (688 bytes)

VM state:not at safepoint (normal execution)

VM Mutex/Monitor currently owned by a thread: None

Heap address: 0x0000000088c00000, size: 1908 MB, Compressed Oops mode: 32-bit
Narrow klass base: 0x0000000000000000, Narrow klass shift: 3
Compressed class space size: 1073741824 Address: 0x0000000100000000

Heap:
 garbage-first heap   total 122880K, used 6435K [0x0000000088c00000, 0x0000000088d003c0, 0x0000000100000000)
  region size 1024K, 3 young (3072K), 2 survivors (2048K)
 Metaspace       used 20234K, capacity 21810K, committed 22012K, reserved 1069056K
  class space    used 2680K, capacity 2991K, committed 3072K, reserved 1048576K
Heap Regions: E=young(eden), S=young(survivor), O=old, HS=humongous(starts), HC=humongous(continues), CS=collection set, F=free, A=archive, TS=gc time stamp, AC=allocation context, TAMS=top-at-mark-start (previous, next)
|   0|0x0000000088c00000, 0x0000000088d00000, 0x0000000088d00000|100%| O|  |TS  0|AC  0|TAMS 0x0000000088d00000, 0x0000000088d00000|
|   1|0x0000000088d00000, 0x0000000088e00000, 0x0000000088e00000|100%| O|  |TS  0|AC  0|TAMS 0x0000000088e00000, 0x0000000088e00000|
|   2|0x0000000088e00000, 0x0000000088f00000, 0x0000000088f00000|100%| O|  |TS  0|AC  0|TAMS 0x0000000088f00000, 0x0000000088f00000|
|   3|0x0000000088f00000, 0x0000000089000000, 0x0000000089000000|100%| O|  |TS  0|AC  0|TAMS 0x0000000089000000, 0x0000000089000000|
|   4|0x0000000089000000, 0x000000008904ea00, 0x0000000089100000| 30%| O|  |TS  0|AC  0|TAMS 0x000000008904ea00, 0x000000008904ea00|
|   5|0x0000000089100000, 0x0000000089100000, 0x0000000089200000|  0%| F|  |TS  0|AC  0|TAMS 0x0000000089100000, 0x0000000089100000|
|   6|0x0000000089200000, 0x0000000089200000, 0x0000000089300000|  0%| F|  |TS  0|AC  0|TAMS 0x0000000089200000, 0x0000000089200000|
|   7|0x0000000089300000, 0x0000000089300000, 0x0000000089400000|  0%| F|  |TS  0|AC  0|TAMS 0x0000000089300000, 0x0000000089300000|
|   8|0x0000000089400000, 0x0000000089400000, 0x0000000089500000|  0%| F|  |TS  0|AC  0|TAMS 0x0000000089400000, 0x0000000089400000|
|   9|0x0000000089500000, 0x0000000089500000, 0x0000000089600000|  0%| F|  |TS  0|AC  0|TAMS 0x0000000089500000, 0x0000000089500000|
|  10|0x0000000089600000, 0x0000000089600000, 0x0000000089700000|  0%| F|  |TS  0|AC  0|TAMS 0x0000000089600000, 0x0000000089600000|
|  11|0x0000000089700000, 0x0000000089700000, 0x0000000089800000|  0%| F|  |TS  0|AC  0|TAMS 0x0000000089700000, 0x0000000089700000|
|  12|0x0000000089800000, 0x0000000089800000, 0x0000000089900000|  0%| F|  |TS  0|AC  0|TAMS 0x0000000089800000, 0x0000000089800000|
|  13|0x0000000089900000, 0x0000000089900000, 0x0000000089a00000|  0%| F|  |TS  0|AC  0|TAMS 0x0000000089900000, 0x0000000089900000|
|  14|0x0000000089a00000, 0x0000000089a00000, 0x0000000089b00000|  0%| F|  |TS  0|AC  0|TAMS 0x0000000089a00000, 0x0000000089a00000|
|  15|0x0000000089b00000, 0x0000000089b00000, 0x0000000089c00000|  0%| F|  |TS  0|AC  0|TAMS 0x0000000089b00000, 0x0000000089b00000|
|  16|0x0000000089c00000, 0x0000000089c00000, 0x0000000089d00000|  0%| F|  |TS  0|AC  0|TAMS 0x0000000089c00000, 0x0000000089c00000|
|  17|0x0000000089d00000, 0x0000000089d00000, 0x0000000089e00000|  0%| F|  |TS  0|AC  0|TAMS 0x0000000089d00000, 0x0000000089d00000|
|  18|0x0000000089e00000, 0x0000000089e00000, 0x0000000089f00000|  0%| F|  |TS  0|AC  0|TAMS 0x0000000089e00000, 0x0000000089e00000|
|  19|0x0000000089f00000, 0x0000000089f00000, 0x000000008a000000|  0%| F|  |TS  0|AC  0|TAMS 0x0000000089f00000, 0x0000000089f00000|
|  20|0x000000008a000000, 0x000000008a000000, 0x000000008a100000|  0%| F|  |TS  0|AC  0|TAMS 0x000000008a000000, 0x000000008a000000|
|  21|0x000000008a100000, 0x000000008a100000, 0x000000008a200000|  0%| F|  |TS  0|AC  0|TAMS 0x000000008a100000, 0x000000008a100000|
|  22|0x000000008a200000, 0x000000008a200000, 0x000000008a300000|  0%| F|  |TS  0|AC  0|TAMS 0x000000008a200000, 0x000000008a200000|
|  23|0x000000008a300000, 0x000000008a300000, 0x000000008a400000|  0%| F|  |TS  0|AC  0|TAMS 0x000000008a300000, 0x000000008a300000|
|  24|0x000000008a400000, 0x000000008a400000, 0x000000008a500000|  0%| F|  |TS  0|AC  0|TAMS 0x000000008a400000, 0x000000008a400000|
|  25|0x000000008a500000, 0x000000008a500000, 0x000000008a600000|  0%| F|  |TS  0|AC  0|TAMS 0x000000008a500000, 0x000000008a500000|
|  26|0x000000008a600000, 0x000000008a600000, 0x000000008a700000|  0%| F|  |TS  0|AC  0|TAMS 0x000000008a600000, 0x000000008a600000|
|  27|0x000000008a700000, 0x000000008a700000, 0x000000008a800000|  0%| F|  |TS  0|AC  0|TAMS 0x000000008a700000, 0x000000008a700000|
|  28|0x000000008a800000, 0x000000008a800000, 0x000000008a900000|  0%| F|  |TS  0|AC  0|TAMS 0x000000008a800000, 0x000000008a800000|
|  29|0x000000008a900000, 0x000000008a900000, 0x000000008aa00000|  0%| F|  |TS  0|AC  0|TAMS 0x000000008a900000, 0x000000008a900000|
|  30|0x000000008aa00000, 0x000000008aa00000, 0x000000008ab00000|  0%| F|  |TS  0|AC  0|TAMS 0x000000008aa00000, 0x000000008aa00000|
|  31|0x000000008ab00000, 0x000000008ab00000, 0x000000008ac00000|  0%| F|  |TS  0|AC  0|TAMS 0x000000008ab00000, 0x000000008ab00000|
|  32|0x000000008ac00000, 0x000000008ac00000, 0x000000008ad00000|  0%| F|  |TS  0|AC  0|TAMS 0x000000008ac00000, 0x000000008ac00000|
|  33|0x000000008ad00000, 0x000000008ad00000, 0x000000008ae00000|  0%| F|  |TS  0|AC  0|TAMS 0x000000008ad00000, 0x000000008ad00000|
|  34|0x000000008ae00000, 0x000000008ae00000, 0x000000008af00000|  0%| F|  |TS  0|AC  0|TAMS 0x000000008ae00000, 0x000000008ae00000|
|  35|0x000000008af00000, 0x000000008af00000, 0x000000008b000000|  0%| F|  |TS  0|AC  0|TAMS 0x000000008af00000, 0x000000008af00000|
|  36|0x000000008b000000, 0x000000008b000000, 0x000000008b100000|  0%| F|  |TS  0|AC  0|TAMS 0x000000008b000000, 0x000000008b000000|
|  37|0x000000008b100000, 0x000000008b100000, 0x000000008b200000|  0%| F|  |TS  0|AC  0|TAMS 0x000000008b100000, 0x000000008b100000|
|  38|0x000000008b200000, 0x000000008b200000, 0x000000008b300000|  0%| F|  |TS  0|AC  0|TAMS 0x000000008b200000, 0x000000008b200000|
|  39|0x000000008b300000, 0x000000008b300000, 0x000000008b400000|  0%| F|  |TS  0|AC  0|TAMS 0x000000008b300000, 0x000000008b300000|
|  40|0x000000008b400000, 0x000000008b400000, 0x000000008b500000|  0%| F|  |TS  0|AC  0|TAMS 0x000000008b400000, 0x000000008b400000|
|  41|0x000000008b500000, 0x000000008b500000, 0x000000008b600000|  0%| F|  |TS  0|AC  0|TAMS 0x000000008b500000, 0x000000008b500000|
|  42|0x000000008b600000, 0x000000008b600000, 0x000000008b700000|  0%| F|  |TS  0|AC  0|TAMS 0x000000008b600000, 0x000000008b600000|
|  43|0x000000008b700000, 0x000000008b700000, 0x000000008b800000|  0%| F|  |TS  0|AC  0|TAMS 0x000000008b700000, 0x000000008b700000|
|  44|0x000000008b800000, 0x000000008b800000, 0x000000008b900000|  0%| F|  |TS  0|AC  0|TAMS 0x000000008b800000, 0x000000008b800000|
|  45|0x000000008b900000, 0x000000008b900000, 0x000000008ba00000|  0%| F|  |TS  0|AC  0|TAMS 0x000000008b900000, 0x000000008b900000|
|  46|0x000000008ba00000, 0x000000008ba00000, 0x000000008bb00000|  0%| F|  |TS  0|AC  0|TAMS 0x000000008ba00000, 0x000000008ba00000|
|  47|0x000000008bb00000, 0x000000008bb00000, 0x000000008bc00000|  0%| F|  |TS  0|AC  0|TAMS 0x000000008bb00000, 0x000000008bb00000|
|  48|0x000000008bc00000, 0x000000008bc00000, 0x000000008bd00000|  0%| F|  |TS  0|AC  0|TAMS 0x000000008bc00000, 0x000000008bc00000|
|  49|0x000000008bd00000, 0x000000008bd00000, 0x000000008be00000|  0%| F|  |TS  0|AC  0|TAMS 0x000000008bd00000, 0x000000008bd00000|
|  50|0x000000008be00000, 0x000000008be00000, 0x000000008bf00000|  0%| F|  |TS  0|AC  0|TAMS 0x000000008be00000, 0x000000008be00000|
|  51|0x000000008bf00000, 0x000000008bf00000, 0x000000008c000000|  0%| F|  |TS  0|AC  0|TAMS 0x000000008bf00000, 0x000000008bf00000|
|  52|0x000000008c000000, 0x000000008c000000, 0x000000008c100000|  0%| F|  |TS  0|AC  0|TAMS 0x000000008c000000, 0x000000008c000000|
|  53|0x000000008c100000, 0x000000008c100000, 0x000000008c200000|  0%| F|  |TS  0|AC  0|TAMS 0x000000008c100000, 0x000000008c100000|
|  54|0x000000008c200000, 0x000000008c200000, 0x000000008c300000|  0%| F|  |TS  0|AC  0|TAMS 0x000000008c200000, 0x000000008c200000|
|  55|0x000000008c300000, 0x000000008c300000, 0x000000008c400000|  0%| F|  |TS  0|AC  0|TAMS 0x000000008c300000, 0x000000008c300000|
|  56|0x000000008c400000, 0x000000008c400000, 0x000000008c500000|  0%| F|  |TS  0|AC  0|TAMS 0x000000008c400000, 0x000000008c400000|
|  57|0x000000008c500000, 0x000000008c500000, 0x000000008c600000|  0%| F|  |TS  0|AC  0|TAMS 0x000000008c500000, 0x000000008c500000|
|  58|0x000000008c600000, 0x000000008c600000, 0x000000008c700000|  0%| F|  |TS  0|AC  0|TAMS 0x000000008c600000, 0x000000008c600000|
|  59|0x000000008c700000, 0x000000008c700000, 0x000000008c800000|  0%| F|  |TS  0|AC  0|TAMS 0x000000008c700000, 0x000000008c700000|
|  60|0x000000008c800000, 0x000000008c800000, 0x000000008c900000|  0%| F|  |TS  0|AC  0|TAMS 0x000000008c800000, 0x000000008c800000|
|  61|0x000000008c900000, 0x000000008c900000, 0x000000008ca00000|  0%| F|  |TS  0|AC  0|TAMS 0x000000008c900000, 0x000000008c900000|
|  62|0x000000008ca00000, 0x000000008ca00000, 0x000000008cb00000|  0%| F|  |TS  0|AC  0|TAMS 0x000000008ca00000, 0x000000008ca00000|
|  63|0x000000008cb00000, 0x000000008cb00000, 0x000000008cc00000|  0%| F|  |TS  0|AC  0|TAMS 0x000000008cb00000, 0x000000008cb00000|
|  64|0x000000008cc00000, 0x000000008cc00000, 0x000000008cd00000|  0%| F|  |TS  0|AC  0|TAMS 0x000000008cc00000, 0x000000008cc00000|
|  65|0x000000008cd00000, 0x000000008cd00000, 0x000000008ce00000|  0%| F|  |TS  0|AC  0|TAMS 0x000000008cd00000, 0x000000008cd00000|
|  66|0x000000008ce00000, 0x000000008ce00000, 0x000000008cf00000|  0%| F|  |TS  0|AC  0|TAMS 0x000000008ce00000, 0x000000008ce00000|
|  67|0x000000008cf00000, 0x000000008cf00000, 0x000000008d000000|  0%| F|  |TS  0|AC  0|TAMS 0x000000008cf00000, 0x000000008cf00000|
|  68|0x000000008d000000, 0x000000008d000000, 0x000000008d100000|  0%| F|  |TS  0|AC  0|TAMS 0x000000008d000000, 0x000000008d000000|
|  69|0x000000008d100000, 0x000000008d100000, 0x000000008d200000|  0%| F|  |TS  0|AC  0|TAMS 0x000000008d100000, 0x000000008d100000|
|  70|0x000000008d200000, 0x000000008d200000, 0x000000008d300000|  0%| F|  |TS  0|AC  0|TAMS 0x000000008d200000, 0x000000008d200000|
|  71|0x000000008d300000, 0x000000008d300000, 0x000000008d400000|  0%| F|  |TS  0|AC  0|TAMS 0x000000008d300000, 0x000000008d300000|
|  72|0x000000008d400000, 0x000000008d400000, 0x000000008d500000|  0%| F|  |TS  0|AC  0|TAMS 0x000000008d400000, 0x000000008d400000|
|  73|0x000000008d500000, 0x000000008d500000, 0x000000008d600000|  0%| F|  |TS  0|AC  0|TAMS 0x000000008d500000, 0x000000008d500000|
|  74|0x000000008d600000, 0x000000008d600000, 0x000000008d700000|  0%| F|  |TS  0|AC  0|TAMS 0x000000008d600000, 0x000000008d600000|
|  75|0x000000008d700000, 0x000000008d700000, 0x000000008d800000|  0%| F|  |TS  0|AC  0|TAMS 0x000000008d700000, 0x000000008d700000|
|  76|0x000000008d800000, 0x000000008d800000, 0x000000008d900000|  0%| F|  |TS  0|AC  0|TAMS 0x000000008d800000, 0x000000008d800000|
|  77|0x000000008d900000, 0x000000008d900000, 0x000000008da00000|  0%| F|  |TS  0|AC  0|TAMS 0x000000008d900000, 0x000000008d900000|
|  78|0x000000008da00000, 0x000000008da00000, 0x000000008db00000|  0%| F|  |TS  0|AC  0|TAMS 0x000000008da00000, 0x000000008da00000|
|  79|0x000000008db00000, 0x000000008db00000, 0x000000008dc00000|  0%| F|  |TS  0|AC  0|TAMS 0x000000008db00000, 0x000000008db00000|
|  80|0x000000008dc00000, 0x000000008dc00000, 0x000000008dd00000|  0%| F|  |TS  0|AC  0|TAMS 0x000000008dc00000, 0x000000008dc00000|
|  81|0x000000008dd00000, 0x000000008dd00000, 0x000000008de00000|  0%| F|  |TS  0|AC  0|TAMS 0x000000008dd00000, 0x000000008dd00000|
|  82|0x000000008de00000, 0x000000008de00000, 0x000000008df00000|  0%| F|  |TS  0|AC  0|TAMS 0x000000008de00000, 0x000000008de00000|
|  83|0x000000008df00000, 0x000000008df00000, 0x000000008e000000|  0%| F|  |TS  0|AC  0|TAMS 0x000000008df00000, 0x000000008df00000|
|  84|0x000000008e000000, 0x000000008e000000, 0x000000008e100000|  0%| F|  |TS  0|AC  0|TAMS 0x000000008e000000, 0x000000008e000000|
|  85|0x000000008e100000, 0x000000008e100000, 0x000000008e200000|  0%| F|  |TS  0|AC  0|TAMS 0x000000008e100000, 0x000000008e100000|
|  86|0x000000008e200000, 0x000000008e200000, 0x000000008e300000|  0%| F|  |TS  0|AC  0|TAMS 0x000000008e200000, 0x000000008e200000|
|  87|0x000000008e300000, 0x000000008e300000, 0x000000008e400000|  0%| F|  |TS  0|AC  0|TAMS 0x000000008e300000, 0x000000008e300000|
|  88|0x000000008e400000, 0x000000008e400000, 0x000000008e500000|  0%| F|  |TS  0|AC  0|TAMS 0x000000008e400000, 0x000000008e400000|
|  89|0x000000008e500000, 0x000000008e500000, 0x000000008e600000|  0%| F|  |TS  0|AC  0|TAMS 0x000000008e500000, 0x000000008e500000|
|  90|0x000000008e600000, 0x000000008e600000, 0x000000008e700000|  0%| F|  |TS  0|AC  0|TAMS 0x000000008e600000, 0x000000008e600000|
|  91|0x000000008e700000, 0x000000008e700000, 0x000000008e800000|  0%| F|  |TS  0|AC  0|TAMS 0x000000008e700000, 0x000000008e700000|
|  92|0x000000008e800000, 0x000000008e800000, 0x000000008e900000|  0%| F|  |TS  0|AC  0|TAMS 0x000000008e800000, 0x000000008e800000|
|  93|0x000000008e900000, 0x000000008e900000, 0x000000008ea00000|  0%| F|  |TS  0|AC  0|TAMS 0x000000008e900000, 0x000000008e900000|
|  94|0x000000008ea00000, 0x000000008ea00000, 0x000000008eb00000|  0%| F|  |TS  0|AC  0|TAMS 0x000000008ea00000, 0x000000008ea00000|
|  95|0x000000008eb00000, 0x000000008eb00000, 0x000000008ec00000|  0%| F|  |TS  0|AC  0|TAMS 0x000000008eb00000, 0x000000008eb00000|
|  96|0x000000008ec00000, 0x000000008ec00000, 0x000000008ed00000|  0%| F|  |TS  0|AC  0|TAMS 0x000000008ec00000, 0x000000008ec00000|
|  97|0x000000008ed00000, 0x000000008ed00000, 0x000000008ee00000|  0%| F|  |TS  0|AC  0|TAMS 0x000000008ed00000, 0x000000008ed00000|
|  98|0x000000008ee00000, 0x000000008ee00000, 0x000000008ef00000|  0%| F|  |TS  0|AC  0|TAMS 0x000000008ee00000, 0x000000008ee00000|
|  99|0x000000008ef00000, 0x000000008ef00000, 0x000000008f000000|  0%| F|  |TS  0|AC  0|TAMS 0x000000008ef00000, 0x000000008ef00000|
| 100|0x000000008f000000, 0x000000008f000000, 0x000000008f100000|  0%| F|  |TS  0|AC  0|TAMS 0x000000008f000000, 0x000000008f000000|
| 101|0x000000008f100000, 0x000000008f100000, 0x000000008f200000|  0%| F|  |TS  0|AC  0|TAMS 0x000000008f100000, 0x000000008f100000|
| 102|0x000000008f200000, 0x000000008f200000, 0x000000008f300000|  0%| F|  |TS  0|AC  0|TAMS 0x000000008f200000, 0x000000008f200000|
| 103|0x000000008f300000, 0x000000008f300000, 0x000000008f400000|  0%| F|  |TS  0|AC  0|TAMS 0x000000008f300000, 0x000000008f300000|
| 104|0x000000008f400000, 0x000000008f400000, 0x000000008f500000|  0%| F|  |TS  0|AC  0|TAMS 0x000000008f400000, 0x000000008f400000|
| 105|0x000000008f500000, 0x000000008f500000, 0x000000008f600000|  0%| F|  |TS  0|AC  0|TAMS 0x000000008f500000, 0x000000008f500000|
| 106|0x000000008f600000, 0x000000008f600000, 0x000000008f700000|  0%| F|  |TS  0|AC  0|TAMS 0x000000008f600000, 0x000000008f600000|
| 107|0x000000008f700000, 0x000000008f700000, 0x000000008f800000|  0%| F|  |TS  0|AC  0|TAMS 0x000000008f700000, 0x000000008f700000|
| 108|0x000000008f800000, 0x000000008f800000, 0x000000008f900000|  0%| F|  |TS  0|AC  0|TAMS 0x000000008f800000, 0x000000008f800000|
| 109|0x000000008f900000, 0x000000008f900000, 0x000000008fa00000|  0%| F|  |TS  0|AC  0|TAMS 0x000000008f900000, 0x000000008f900000|
| 110|0x000000008fa00000, 0x000000008fa00000, 0x000000008fb00000|  0%| F|  |TS  0|AC  0|TAMS 0x000000008fa00000, 0x000000008fa00000|
| 111|0x000000008fb00000, 0x000000008fb00000, 0x000000008fc00000|  0%| F|  |TS  0|AC  0|TAMS 0x000000008fb00000, 0x000000008fb00000|
| 112|0x000000008fc00000, 0x000000008fcfa310, 0x000000008fd00000| 97%| S|CS|TS  0|AC  0|TAMS 0x000000008fc00000, 0x000000008fc00000|
| 113|0x000000008fd00000, 0x000000008fe00000, 0x000000008fe00000|100%| S|CS|TS  0|AC  0|TAMS 0x000000008fd00000, 0x000000008fd00000|
| 114|0x000000008fe00000, 0x000000008fe00000, 0x000000008ff00000|  0%| F|  |TS  0|AC  0|TAMS 0x000000008fe00000, 0x000000008fe00000|
| 115|0x000000008ff00000, 0x000000008ff00000, 0x0000000090000000|  0%| F|  |TS  0|AC  0|TAMS 0x000000008ff00000, 0x000000008ff00000|
| 116|0x0000000090000000, 0x0000000090000000, 0x0000000090100000|  0%| F|  |TS  0|AC  0|TAMS 0x0000000090000000, 0x0000000090000000|
| 117|0x0000000090100000, 0x0000000090100000, 0x0000000090200000|  0%| F|  |TS  0|AC  0|TAMS 0x0000000090100000, 0x0000000090100000|
| 118|0x0000000090200000, 0x0000000090200000, 0x0000000090300000|  0%| F|  |TS  0|AC  0|TAMS 0x0000000090200000, 0x0000000090200000|
| 119|0x0000000090300000, 0x00000000903f9f60, 0x0000000090400000| 97%| E|  |TS  0|AC  0|TAMS 0x0000000090300000, 0x0000000090300000|

Card table byte_map: [0x000002a5e86c0000,0x000002a5e8a80000] byte_map_base: 0x000002a5e827a000

Marking Bits (Prev, Next): (CMBitMap*) 0x000002a5ccae35a8, (CMBitMap*) 0x000002a5ccae3570
 Prev Bits: [0x000002a5eac10000, 0x000002a5ec9e0000)
 Next Bits: [0x000002a5e8e40000, 0x000002a5eac10000)

Polling page: 0x000002a5ca860000

CodeHeap 'non-profiled nmethods': size=120064Kb used=611Kb max_used=611Kb free=119452Kb
 bounds [0x000002a5e03d0000, 0x000002a5e0640000, 0x000002a5e7910000]
CodeHeap 'profiled nmethods': size=120000Kb used=3120Kb max_used=3120Kb free=116879Kb
 bounds [0x000002a5d8ea0000, 0x000002a5d91b0000, 0x000002a5e03d0000]
CodeHeap 'non-nmethods': size=5696Kb used=1426Kb max_used=1438Kb free=4269Kb
 bounds [0x000002a5d8910000, 0x000002a5d8b80000, 0x000002a5d8ea0000]
 total_blobs=2600 nmethods=1584 adapters=598
 compilation: enabled

Compilation events (10 events):
Event: 2.160 Thread 0x000002a5ef947000 nmethod 1580 0x000002a5e0468b10 code [0x000002a5e0468cc0, 0x000002a5e0468dd8]
Event: 2.164 Thread 0x000002a5ef947000 1581       3       java.lang.System::checkKey (34 bytes)
Event: 2.164 Thread 0x000002a5ef947000 nmethod 1581 0x000002a5d91a8310 code [0x000002a5d91a8500, 0x000002a5d91a88f0]
Event: 2.164 Thread 0x000002a5ef947000 1582       3       jdk.internal.module.SystemModuleFinder$ImageModuleReader::find (54 bytes)
Event: 2.165 Thread 0x000002a5ef947000 nmethod 1582 0x000002a5d91a8a10 code [0x000002a5d91a8d20, 0x000002a5d91aa020]
Event: 2.165 Thread 0x000002a5ef947000 1583       3       java.util.concurrent.ConcurrentHashMap$ValueIterator::next (34 bytes)
Event: 2.165 Thread 0x000002a5ef947000 nmethod 1583 0x000002a5d91aa610 code [0x000002a5d91aa7e0, 0x000002a5d91aab60]
Event: 2.169 Thread 0x000002a5ef947000 1584       3       java.lang.String::indexOf (65 bytes)
Event: 2.170 Thread 0x000002a5ef947000 nmethod 1584 0x000002a5d91aac90 code [0x000002a5d91aaf00, 0x000002a5d91aba50]
Event: 2.170 Thread 0x000002a5ef947000 1585       3       java.lang.StringLatin1::indexOf (25 bytes)

GC Heap History (6 events):
Event: 1.347 GC heap before
{Heap before GC invocations=0 (full 0):
 garbage-first heap   total 122880K, used 14336K [0x0000000088c00000, 0x0000000088d003c0, 0x0000000100000000)
  region size 1024K, 14 young (14336K), 0 survivors (0K)
 Metaspace       used 14172K, capacity 15098K, committed 15360K, reserved 1062912K
  class space    used 1593K, capacity 1780K, committed 1792K, reserved 1048576K
}
Event: 1.356 GC heap after
{Heap after GC invocations=1 (full 0):
 garbage-first heap   total 122880K, used 3925K [0x0000000088c00000, 0x0000000088d003c0, 0x0000000100000000)
  region size 1024K, 2 young (2048K), 2 survivors (2048K)
 Metaspace       used 14172K, capacity 15098K, committed 15360K, reserved 1062912K
  class space    used 1593K, capacity 1780K, committed 1792K, reserved 1048576K
}
Event: 1.640 GC heap before
{Heap before GC invocations=1 (full 0):
 garbage-first heap   total 122880K, used 9045K [0x0000000088c00000, 0x0000000088d003c0, 0x0000000100000000)
  region size 1024K, 7 young (7168K), 2 survivors (2048K)
 Metaspace       used 16216K, capacity 17266K, committed 17280K, reserved 1064960K
  class space    used 1964K, capacity 2162K, committed 2176K, reserved 1048576K
}
Event: 1.648 GC heap after
{Heap after GC invocations=2 (full 0):
 garbage-first heap   total 122880K, used 5434K [0x0000000088c00000, 0x0000000088d003c0, 0x0000000100000000)
  region size 1024K, 1 young (1024K), 1 survivors (1024K)
 Metaspace       used 16216K, capacity 17266K, committed 17280K, reserved 1064960K
  class space    used 1964K, capacity 2162K, committed 2176K, reserved 1048576K
}
Event: 2.096 GC heap before
{Heap before GC invocations=2 (full 0):
 garbage-first heap   total 122880K, used 9530K [0x0000000088c00000, 0x0000000088d003c0, 0x0000000100000000)
  region size 1024K, 6 young (6144K), 1 survivors (1024K)
 Metaspace       used 19753K, capacity 21210K, committed 21296K, reserved 1067008K
  class space    used 2618K, capacity 2882K, committed 2944K, reserved 1048576K
}
Event: 2.101 GC heap after
{Heap after GC invocations=3 (full 0):
 garbage-first heap   total 122880K, used 6435K [0x0000000088c00000, 0x0000000088d003c0, 0x0000000100000000)
  region size 1024K, 2 young (2048K), 2 survivors (2048K)
 Metaspace       used 19753K, capacity 21210K, committed 21296K, reserved 1067008K
  class space    used 2618K, capacity 2882K, committed 2944K, reserved 1048576K
}

Deoptimization events (10 events):
Event: 1.798 Thread 0x000002a5f01f9000 Uncommon trap: reason=unstable_if action=reinterpret pc=0x000002a5e0437cac method=java.util.HashMap.hash(Ljava/lang/Object;)I @ 1 c2
Event: 1.798 Thread 0x000002a5f01f9000 Uncommon trap: reason=unstable_if action=reinterpret pc=0x000002a5e04458f0 method=java.util.HashMap.hash(Ljava/lang/Object;)I @ 1 c2
Event: 1.810 Thread 0x000002a5f01f9000 Uncommon trap: reason=unstable_if action=reinterpret pc=0x000002a5e03daf28 method=java.util.HashMap.hash(Ljava/lang/Object;)I @ 1 c2
Event: 1.830 Thread 0x000002a5f01f9000 Uncommon trap: reason=unstable_if action=reinterpret pc=0x000002a5e0413eb8 method=java.nio.Buffer.position(I)Ljava/nio/Buffer; @ 45 c2
Event: 1.851 Thread 0x000002a5f01f9000 Uncommon trap: reason=unstable_if action=reinterpret pc=0x000002a5e0451c08 method=java.util.Arrays.equals([Ljava/lang/Object;[Ljava/lang/Object;)Z @ 23 c2
Event: 1.953 Thread 0x000002a5f01f9000 Uncommon trap: reason=class_check action=maybe_recompile pc=0x000002a5e03e8554 method=java.lang.String.equals(Ljava/lang/Object;)Z @ 8 c2
Event: 1.953 Thread 0x000002a5f01f9000 Uncommon trap: reason=class_check action=maybe_recompile pc=0x000002a5e03e8554 method=java.lang.String.equals(Ljava/lang/Object;)Z @ 8 c2
Event: 1.954 Thread 0x000002a5f01f9000 Uncommon trap: reason=class_check action=maybe_recompile pc=0x000002a5e03e8554 method=java.lang.String.equals(Ljava/lang/Object;)Z @ 8 c2
Event: 1.954 Thread 0x000002a5f01f9000 Uncommon trap: reason=class_check action=maybe_recompile pc=0x000002a5e03e8554 method=java.lang.String.equals(Ljava/lang/Object;)Z @ 8 c2
Event: 1.967 Thread 0x000002a5f01f9000 Uncommon trap: reason=unstable_if action=reinterpret pc=0x000002a5e0442254 method=java.io.ByteArrayInputStream.read()I @ 8 c2

Classes redefined (0 events):
No events

Internal exceptions (10 events):
Event: 1.663 Thread 0x000002a5f01f9000 Exception <a 'java/lang/NoSuchMethodError'{0x0000000090313a08}: java.lang.invoke.DirectMethodHandle$Holder.invokeSpecial(Ljava/lang/Object;Ljava/lang/Object;Ljava/lang/Object;Ljava/lang/Object;)V> (0x0000000090313a08) thrown at [t:/workspace/hotspot/src/s
Event: 1.798 Thread 0x000002a5f01f9000 Implicit null exception at 0x000002a5e0437af5 to 0x000002a5e0437c9d
Event: 1.798 Thread 0x000002a5f01f9000 Implicit null exception at 0x000002a5e04449fe to 0x000002a5e04458d5
Event: 1.810 Thread 0x000002a5f01f9000 Implicit null exception at 0x000002a5e03daeaf to 0x000002a5e03daf19
Event: 1.827 Thread 0x000002a5f01f9000 Exception <a 'java/lang/ClassNotFoundException'{0x00000000901101b0}: com/sun/javafx/scene/control/skin/resources/controls> (0x00000000901101b0) thrown at [t:/workspace/hotspot/src/share/vm/prims/jni.cpp, line 625]
Event: 1.830 Thread 0x000002a5f01f9000 Exception <a 'java/lang/ClassNotFoundException'{0x0000000090121e30}: com/sun/javafx/scene/control/skin/resources/controls_en> (0x0000000090121e30) thrown at [t:/workspace/hotspot/src/share/vm/prims/jni.cpp, line 625]
Event: 1.830 Thread 0x000002a5f01f9000 Exception <a 'java/lang/ClassNotFoundException'{0x0000000090122fa8}: com/sun/javafx/scene/control/skin/resources/controls_en_US> (0x0000000090122fa8) thrown at [t:/workspace/hotspot/src/share/vm/prims/jni.cpp, line 625]
Event: 1.894 Thread 0x000002a5f01f9000 Exception <a 'java/lang/NoSuchMethodError'{0x000000009015c870}: method resolution failed> (0x000000009015c870) thrown at [t:/workspace/hotspot/src/share/vm/prims/methodHandles.cpp, line 1256]
Event: 2.045 Thread 0x000002a5f01f9000 Exception <a 'java/lang/NoSuchMethodError'{0x000000009009b898}: java.lang.invoke.DirectMethodHandle$Holder.invokeInterface(Ljava/lang/Object;Ljava/lang/Object;Ljava/lang/Object;)Ljava/lang/Object;> (0x000000009009b898) thrown at [t:/workspace/hotspot/src/
Event: 2.045 Thread 0x000002a5f01f9000 Exception <a 'java/lang/IncompatibleClassChangeError'{0x000000009009e970}: Found class java.lang.Object, but interface was expected> (0x000000009009e970) thrown at [t:/workspace/hotspot/src/share/vm/interpreter/linkResolver.cpp, line 793]

Events (10 events):
Event: 2.161 loading class org/hyperic/jni/ArchLoader
Event: 2.161 loading class org/hyperic/jni/ArchLoader done
Event: 2.163 loading class org/hyperic/jni/ArchName
Event: 2.163 loading class org/hyperic/jni/ArchName done
Event: 2.164 loading class java/net/URLDecoder
Event: 2.164 loading class java/net/URLDecoder done
Event: 2.165 loading class java/net/URLEncoder
Event: 2.165 loading class java/net/URLEncoder done
Event: 2.169 loading class org/hyperic/sigar/Cpu
Event: 2.169 loading class org/hyperic/sigar/Cpu done


Dynamic libraries:
0x00007ff6e71b0000 - 0x00007ff6e71ee000 	C:\Program Files\Java\jdk-9.0.1\bin\javaw.exe
0x00007ffe6fe10000 - 0x00007ffe6fff0000 	C:\WINDOWS\SYSTEM32\ntdll.dll
0x00007ffe6e3f0000 - 0x00007ffe6e49e000 	C:\WINDOWS\System32\KERNEL32.DLL
0x00007ffe6c3e0000 - 0x00007ffe6c646000 	C:\WINDOWS\System32\KERNELBASE.dll
0x00007ffe6e6d0000 - 0x00007ffe6e771000 	C:\WINDOWS\System32\ADVAPI32.dll
0x00007ffe6e280000 - 0x00007ffe6e31d000 	C:\WINDOWS\System32\msvcrt.dll
0x00007ffe6e670000 - 0x00007ffe6e6cb000 	C:\WINDOWS\System32\sechost.dll
0x00007ffe6d7e0000 - 0x00007ffe6d8ff000 	C:\WINDOWS\System32\RPCRT4.dll
0x00007ffe6dfa0000 - 0x00007ffe6e12f000 	C:\WINDOWS\System32\USER32.dll
0x00007ffe6d2c0000 - 0x00007ffe6d2e0000 	C:\WINDOWS\System32\win32u.dll
0x00007ffe6e390000 - 0x00007ffe6e3b8000 	C:\WINDOWS\System32\GDI32.dll
0x00007ffe6d010000 - 0x00007ffe6d1a3000 	C:\WINDOWS\System32\gdi32full.dll
0x00007ffe6cda0000 - 0x00007ffe6ce3b000 	C:\WINDOWS\System32\msvcp_win.dll
0x00007ffe6c260000 - 0x00007ffe6c356000 	C:\WINDOWS\System32\ucrtbase.dll
0x00007ffe61650000 - 0x00007ffe618b9000 	C:\WINDOWS\WinSxS\amd64_microsoft.windows.common-controls_6595b64144ccf1df_6.0.16299.192_none_15c8cdae9364c23b\COMCTL32.dll
0x00007ffe6d4d0000 - 0x00007ffe6d7d8000 	C:\WINDOWS\System32\combase.dll
0x00007ffe6c360000 - 0x00007ffe6c3d2000 	C:\WINDOWS\System32\bcryptPrimitives.dll
0x00007ffe64f10000 - 0x00007ffe64f1a000 	C:\WINDOWS\SYSTEM32\VERSION.dll
0x00007ffe6e3c0000 - 0x00007ffe6e3ed000 	C:\WINDOWS\System32\IMM32.DLL
0x00007ffe50460000 - 0x00007ffe5054f000 	C:\Program Files\Java\jdk-9.0.1\bin\msvcr120.dll
0x00007ffe3efa0000 - 0x00007ffe3f046000 	C:\Program Files\Java\jdk-9.0.1\bin\msvcp120.dll
0x000000006c9f0000 - 0x000000006d414000 	C:\Program Files\Java\jdk-9.0.1\bin\server\jvm.dll
0x00007ffe6db40000 - 0x00007ffe6db48000 	C:\WINDOWS\System32\PSAPI.DLL
0x00007ffe6ae20000 - 0x00007ffe6ae29000 	C:\WINDOWS\SYSTEM32\WSOCK32.dll
0x00007ffe6e780000 - 0x00007ffe6e7ec000 	C:\WINDOWS\System32\WS2_32.dll
0x00007ffe66b30000 - 0x00007ffe66b53000 	C:\WINDOWS\SYSTEM32\WINMM.dll
0x00007ffe66ad0000 - 0x00007ffe66afa000 	C:\WINDOWS\SYSTEM32\WINMMBASE.dll
0x00007ffe6c210000 - 0x00007ffe6c25a000 	C:\WINDOWS\System32\cfgmgr32.dll
0x00007ffe66730000 - 0x00007ffe6673f000 	C:\Program Files\Java\jdk-9.0.1\bin\verify.dll
0x00007ffe61b70000 - 0x00007ffe61b97000 	C:\Program Files\Java\jdk-9.0.1\bin\java.dll
0x00007ffe506f0000 - 0x00007ffe50706000 	C:\Program Files\Java\jdk-9.0.1\bin\zip.dll
0x00007ffe65b80000 - 0x00007ffe65b8a000 	C:\Program Files\Java\jdk-9.0.1\bin\jimage.dll
0x00007ffe6e800000 - 0x00007ffe6fc36000 	C:\WINDOWS\System32\SHELL32.dll
0x00007ffe6da10000 - 0x00007ffe6dab6000 	C:\WINDOWS\System32\shcore.dll
0x00007ffe6c650000 - 0x00007ffe6cd97000 	C:\WINDOWS\System32\windows.storage.dll
0x00007ffe6e320000 - 0x00007ffe6e371000 	C:\WINDOWS\System32\shlwapi.dll
0x00007ffe6c1d0000 - 0x00007ffe6c1e1000 	C:\WINDOWS\System32\kernel.appcore.dll
0x00007ffe6c160000 - 0x00007ffe6c1ac000 	C:\WINDOWS\System32\powrprof.dll
0x00007ffe6c1f0000 - 0x00007ffe6c20b000 	C:\WINDOWS\System32\profapi.dll
0x00007ffe50610000 - 0x00007ffe5062a000 	C:\Program Files\Java\jdk-9.0.1\bin\net.dll
0x00007ffe66f70000 - 0x00007ffe6704e000 	C:\WINDOWS\SYSTEM32\WINHTTP.dll
0x00007ffe6b9f0000 - 0x00007ffe6ba56000 	C:\WINDOWS\system32\mswsock.dll
0x00007ffe4f360000 - 0x00007ffe4f371000 	C:\Program Files\Java\jdk-9.0.1\bin\nio.dll
0x000002a5efeb0000 - 0x000002a5efeb3000 	C:\Program Files\Java\jdk-9.0.1\bin\api-ms-win-core-console-l1-1-0.dll
0x000002a5efec0000 - 0x000002a5efec3000 	C:\Program Files\Java\jdk-9.0.1\bin\api-ms-win-core-datetime-l1-1-0.dll
0x000002a5efed0000 - 0x000002a5efed3000 	C:\Program Files\Java\jdk-9.0.1\bin\api-ms-win-core-debug-l1-1-0.dll
0x000002a5efee0000 - 0x000002a5efee3000 	C:\Program Files\Java\jdk-9.0.1\bin\api-ms-win-core-errorhandling-l1-1-0.dll
0x000002a5efef0000 - 0x000002a5efef4000 	C:\Program Files\Java\jdk-9.0.1\bin\api-ms-win-core-file-l1-1-0.dll
0x000002a5eff00000 - 0x000002a5eff03000 	C:\Program Files\Java\jdk-9.0.1\bin\api-ms-win-core-file-l1-2-0.dll
0x000002a5eff10000 - 0x000002a5eff13000 	C:\Program Files\Java\jdk-9.0.1\bin\api-ms-win-core-file-l2-1-0.dll
0x000002a5eff20000 - 0x000002a5eff23000 	C:\Program Files\Java\jdk-9.0.1\bin\api-ms-win-core-handle-l1-1-0.dll
0x000002a5eff30000 - 0x000002a5eff33000 	C:\Program Files\Java\jdk-9.0.1\bin\api-ms-win-core-heap-l1-1-0.dll
0x000002a5eff40000 - 0x000002a5eff43000 	C:\Program Files\Java\jdk-9.0.1\bin\api-ms-win-core-interlocked-l1-1-0.dll
0x000002a5eff50000 - 0x000002a5eff53000 	C:\Program Files\Java\jdk-9.0.1\bin\api-ms-win-core-libraryloader-l1-1-0.dll
0x000002a5eff60000 - 0x000002a5eff63000 	C:\Program Files\Java\jdk-9.0.1\bin\api-ms-win-core-localization-l1-2-0.dll
0x000002a5eff70000 - 0x000002a5eff73000 	C:\Program Files\Java\jdk-9.0.1\bin\api-ms-win-core-memory-l1-1-0.dll
0x000002a5eff80000 - 0x000002a5eff83000 	C:\Program Files\Java\jdk-9.0.1\bin\api-ms-win-core-namedpipe-l1-1-0.dll
0x000002a5eff90000 - 0x000002a5eff93000 	C:\Program Files\Java\jdk-9.0.1\bin\api-ms-win-core-processenvironment-l1-1-0.dll
0x000002a5effa0000 - 0x000002a5effa3000 	C:\Program Files\Java\jdk-9.0.1\bin\api-ms-win-core-processthreads-l1-1-0.dll
0x000002a5effb0000 - 0x000002a5effb3000 	C:\Program Files\Java\jdk-9.0.1\bin\api-ms-win-core-processthreads-l1-1-1.dll
0x000002a5effc0000 - 0x000002a5effc3000 	C:\Program Files\Java\jdk-9.0.1\bin\api-ms-win-core-profile-l1-1-0.dll
0x000002a5effd0000 - 0x000002a5effd3000 	C:\Program Files\Java\jdk-9.0.1\bin\api-ms-win-core-rtlsupport-l1-1-0.dll
0x000002a5effe0000 - 0x000002a5effe3000 	C:\Program Files\Java\jdk-9.0.1\bin\api-ms-win-core-string-l1-1-0.dll
0x000002a5efff0000 - 0x000002a5efff3000 	C:\Program Files\Java\jdk-9.0.1\bin\api-ms-win-core-synch-l1-1-0.dll
0x000002a5f0000000 - 0x000002a5f0003000 	C:\Program Files\Java\jdk-9.0.1\bin\api-ms-win-core-synch-l1-2-0.dll
0x000002a5f0010000 - 0x000002a5f0013000 	C:\Program Files\Java\jdk-9.0.1\bin\api-ms-win-core-sysinfo-l1-1-0.dll
0x000002a5f0020000 - 0x000002a5f0023000 	C:\Program Files\Java\jdk-9.0.1\bin\api-ms-win-core-timezone-l1-1-0.dll
0x000002a5f0030000 - 0x000002a5f0033000 	C:\Program Files\Java\jdk-9.0.1\bin\api-ms-win-core-util-l1-1-0.dll
0x000002a5f0040000 - 0x000002a5f0043000 	C:\Program Files\Java\jdk-9.0.1\bin\api-ms-win-crt-conio-l1-1-0.dll
0x000002a5f0050000 - 0x000002a5f0054000 	C:\Program Files\Java\jdk-9.0.1\bin\api-ms-win-crt-convert-l1-1-0.dll
0x000002a5f0060000 - 0x000002a5f0063000 	C:\Program Files\Java\jdk-9.0.1\bin\api-ms-win-crt-environment-l1-1-0.dll
0x000002a5f0070000 - 0x000002a5f0073000 	C:\Program Files\Java\jdk-9.0.1\bin\api-ms-win-crt-filesystem-l1-1-0.dll
0x000002a5f0080000 - 0x000002a5f0083000 	C:\Program Files\Java\jdk-9.0.1\bin\api-ms-win-crt-heap-l1-1-0.dll
0x000002a5f0090000 - 0x000002a5f0093000 	C:\Program Files\Java\jdk-9.0.1\bin\api-ms-win-crt-locale-l1-1-0.dll
0x000002a5f00a0000 - 0x000002a5f00a5000 	C:\Program Files\Java\jdk-9.0.1\bin\api-ms-win-crt-math-l1-1-0.dll
0x000002a5f00b0000 - 0x000002a5f00b5000 	C:\Program Files\Java\jdk-9.0.1\bin\api-ms-win-crt-multibyte-l1-1-0.dll
0x000002a5f00c0000 - 0x000002a5f00d0000 	C:\Program Files\Java\jdk-9.0.1\bin\api-ms-win-crt-private-l1-1-0.dll
0x000002a5f00d0000 - 0x000002a5f00d3000 	C:\Program Files\Java\jdk-9.0.1\bin\api-ms-win-crt-process-l1-1-0.dll
0x000002a5f00e0000 - 0x000002a5f00e4000 	C:\Program Files\Java\jdk-9.0.1\bin\api-ms-win-crt-runtime-l1-1-0.dll
0x000002a5f00f0000 - 0x000002a5f00f4000 	C:\Program Files\Java\jdk-9.0.1\bin\api-ms-win-crt-stdio-l1-1-0.dll
0x000002a5f0100000 - 0x000002a5f0104000 	C:\Program Files\Java\jdk-9.0.1\bin\api-ms-win-crt-string-l1-1-0.dll
0x000002a5f0110000 - 0x000002a5f0113000 	C:\Program Files\Java\jdk-9.0.1\bin\api-ms-win-crt-time-l1-1-0.dll
0x000002a5f0120000 - 0x000002a5f0123000 	C:\Program Files\Java\jdk-9.0.1\bin\api-ms-win-crt-utility-l1-1-0.dll
0x00007ffe3ea20000 - 0x00007ffe3eb16000 	C:\Program Files\Java\jdk-9.0.1\bin\ucrtbase.dll
0x00007ffe4f180000 - 0x00007ffe4f196000 	C:\Program Files\Java\jdk-9.0.1\bin\vcruntime140.dll
0x00007ffe42170000 - 0x00007ffe4220c000 	C:\Program Files\Java\jdk-9.0.1\bin\msvcp140.dll
0x00007ffe4ebf0000 - 0x00007ffe4ec41000 	C:\Program Files\Java\jdk-9.0.1\bin\concrt140.dll
0x00007ffe4f0d0000 - 0x00007ffe4f0f3000 	C:\Program Files\Java\jdk-9.0.1\bin\prism_d3d.dll
0x00007ffe3dfd0000 - 0x00007ffe3e165000 	C:\WINDOWS\system32\d3d9.dll
0x00007ffe6a650000 - 0x00007ffe6a67a000 	C:\WINDOWS\SYSTEM32\dwmapi.dll
0x00007ffe6a580000 - 0x00007ffe6a615000 	C:\WINDOWS\system32\uxtheme.dll
0x00007ffe6e130000 - 0x00007ffe6e279000 	C:\WINDOWS\System32\ole32.dll
0x00007ffe6ce40000 - 0x00007ffe6d00e000 	C:\WINDOWS\System32\crypt32.dll
0x00007ffe6c1b0000 - 0x00007ffe6c1c2000 	C:\WINDOWS\System32\MSASN1.dll
0x00007ffe6d1b0000 - 0x00007ffe6d208000 	C:\WINDOWS\System32\WINTRUST.DLL
0x00007ffe6db20000 - 0x00007ffe6db3d000 	C:\WINDOWS\System32\imagehlp.dll
0x00007ffe6bbc0000 - 0x00007ffe6bbd7000 	C:\WINDOWS\SYSTEM32\CRYPTSP.dll
0x00007ffe6b600000 - 0x00007ffe6b633000 	C:\WINDOWS\system32\rsaenh.dll
0x00007ffe6bcc0000 - 0x00007ffe6bce5000 	C:\WINDOWS\SYSTEM32\bcrypt.dll
0x00007ffe6bbb0000 - 0x00007ffe6bbbb000 	C:\WINDOWS\SYSTEM32\CRYPTBASE.dll
0x00007ffe3f050000 - 0x00007ffe3f2a4000 	C:\WINDOWS\system32\nvspcap64.dll
0x00007ffe6b2a0000 - 0x00007ffe6b2d1000 	C:\WINDOWS\SYSTEM32\ntmarta.dll
0x00007ffe48730000 - 0x00007ffe4877a000 	C:\Program Files\Java\jdk-9.0.1\bin\glass.dll
0x00007ffe6d900000 - 0x00007ffe6da0a000 	C:\WINDOWS\System32\COMDLG32.dll
0x00007ffe6d2e0000 - 0x00007ffe6d3a5000 	C:\WINDOWS\System32\OLEAUT32.dll
0x00007ffe6e500000 - 0x00007ffe6e667000 	C:\WINDOWS\System32\MSCTF.dll
0x00007ffe41f80000 - 0x00007ffe4206a000 	C:\WINDOWS\System32\DriverStore\FileRepository\nvami.inf_amd64_40aceccb38b252dc\nvldumdx.dll
0x00007ffe27830000 - 0x00007ffe28a07000 	C:\WINDOWS\System32\DriverStore\FileRepository\nvami.inf_amd64_40aceccb38b252dc\nvd3dumx.dll
0x00007ffe4ebd0000 - 0x00007ffe4ebe4000 	C:\Program Files\Java\jdk-9.0.1\bin\javafx_font.dll
0x00007ffe3d240000 - 0x00007ffe3d3d9000 	C:\Program Files\Java\jdk-9.0.1\bin\awt.dll
0x00007ffe69730000 - 0x00007ffe69ce8000 	C:\WINDOWS\SYSTEM32\d2d1.dll
0x00007ffe6a290000 - 0x00007ffe6a318000 	C:\WINDOWS\SYSTEM32\apphelp.dll
0x00007ffe41090000 - 0x00007ffe4112d000 	C:\Program Files\Java\jdk-9.0.1\bin\fontmanager.dll
0x00007ffe55e60000 - 0x00007ffe5616f000 	C:\WINDOWS\SYSTEM32\dwrite.dll
0x00007ffe6d3b0000 - 0x00007ffe6d44e000 	C:\WINDOWS\System32\clbcatq.dll
0x00007ffe65110000 - 0x00007ffe652bb000 	C:\WINDOWS\SYSTEM32\WindowsCodecs.dll
0x00007ffe5c540000 - 0x00007ffe5c58f000 	C:\WINDOWS\system32\dataexchange.dll
0x00007ffe69440000 - 0x00007ffe69721000 	C:\WINDOWS\system32\d3d11.dll
0x00007ffe69d30000 - 0x00007ffe69e72000 	C:\WINDOWS\system32\dcomp.dll
0x00007ffe6afd0000 - 0x00007ffe6b07f000 	C:\WINDOWS\system32\dxgi.dll
0x00007ffe6a680000 - 0x00007ffe6a7fb000 	C:\WINDOWS\system32\twinapi.appcore.dll
0x00007ffe6a840000 - 0x00007ffe6a860000 	C:\WINDOWS\system32\RMCLIENT.dll
0x00007ffe46e80000 - 0x00007ffe46eb4000 	C:\Program Files\Common Files\Microsoft Shared\Ink\rtscom.dll
0x00007ffe5cbf0000 - 0x00007ffe5cc88000 	C:\WINDOWS\System32\TextInputFramework.dll
0x00007ffe64ba0000 - 0x00007ffe64e8e000 	C:\WINDOWS\System32\CoreUIComponents.dll
0x00007ffe692d0000 - 0x00007ffe693ac000 	C:\WINDOWS\System32\CoreMessaging.dll
0x00007ffe68050000 - 0x00007ffe68186000 	C:\WINDOWS\SYSTEM32\wintypes.dll
0x0000000010000000 - 0x0000000010070000 	D:\IT\Java\Lib\hyperic-sigar-3\hyperic-sigar-1.6.4\sigar-bin\lib\sigar-amd64-winnt.dll

VM Arguments:
jvm_args: -Dfile.encoding=Cp1252 
java_command: server.Server2048
java_class_path (initial): D:\IT\Java\workspace\HCMIU_2048_Special_Edition\bin;D:\IT\Java\IDE\eclipse\plugins\org.eclipse.fx.ide.css.jfx8_3.1.0.201712060800.jar;D:\IT\OpenCV\331\opencv\build\java\opencv-331.jar;D:\IT\Java\Lib\hyperic-sigar-3\hyperic-sigar-1.6.4\sigar-bin\lib\log4j.jar;D:\IT\Java\Lib\hyperic-sigar-3\hyperic-sigar-1.6.4\sigar-bin\lib\sigar.jar
Launcher Type: SUN_STANDARD

Logging:
Log output configuration:
#0: stdout all=warning uptime,level,tags
#1: stderr all=off uptime,level,tags

Environment Variables:
JAVA_HOME=C:\Program Files\Java\jdk-9.0.1
PATH=C:\Python27\;C:\Python27\Scripts;C:\ProgramData\Oracle\Java\javapath;C:\Windows\system32;C:\Windows;C:\Windows\System32\Wbem;C:\Windows\System32\WindowsPowerShell\v1.0\;C:\Program Files (x86)\NVIDIA Corporation\PhysX\Common;C:\WINDOWS\system32;C:\WINDOWS;C:\WINDOWS\System32\Wbem;C:\WINDOWS\System32\WindowsPowerShell\v1.0\;C:\Program Files\Git\cmd;C:\Program Files\CMake\bin;C:\WINDOWS\system32\config\systemprofile\.dnx\bin;C:\Program Files\Microsoft DNX\Dnvm\;C:\Program Files (x86)\Windows Kits\8.1\Windows Performance Toolkit\;C:\Program Files\Microsoft SQL Server\120\Tools\Binn\;C:\Program Files\Microsoft SQL Server\130\Tools\Binn\;D:\IT\GameEngine\cocos2d-x-3.16\other\sdk\platform-tools;D:\IT\GameEngine\cocos2d-x-3.16\other\ant\apache-ant-1.10.1\bin;C:\Program Files\nodejs\;C:\Program Files\Java\jre-9.0.1\bin;D:\IT\GameEngine\cocos2d-x-3.16\templates;D:\IT\GameEngine\cocos2d-x-3.16\tools\cocos2d-console\bin;C:\Users\hungt\AppData\Local\Microsoft\WindowsApps;C:\Users\hungt\AppData\Roaming\npm;C:\Program Files\Microsoft VS Code\bin
USERNAME=hungt
OS=Windows_NT
PROCESSOR_IDENTIFIER=Intel64 Family 6 Model 69 Stepping 1, GenuineIntel



---------------  S Y S T E M  ---------------

OS: Windows 10 , 64 bit Build 16299 (10.0.16299.15)

CPU:total 4 (initial active 4) (2 cores per cpu, 2 threads per core) family 6 model 69 stepping 1, cmov, cx8, fxsr, mmx, sse, sse2, sse3, ssse3, sse4.1, sse4.2, popcnt, avx, avx2, aes, clmul, erms, lzcnt, ht, tsc, tscinvbit, bmi1, bmi2, fma

Memory: 4k page, physical 7810468k(3264552k free), swap 9055652k(3441268k free)

vm_info: Java HotSpot(TM) 64-Bit Server VM (9.0.1+11) for windows-amd64 JRE (9.0.1+11), built on Sep 28 2017 04:54:03 by "mach5one" with MS VC++ 12.0 (VS2013)

END.
